

Microchip MPLAB XC8 Assembler V3.00 build 20241204225717 
                                                                                               Fri Feb 27 19:19:49 2026

Microchip MPLAB XC8 C Compiler v3.00 (Free license) build 20241204225717 Og1 
     1                           	processor	16F877A
     2                           	pagewidth 120
     3                           	opt	flic
     4                           	psect	cinit,global,class=CODE,space=0,merge=1,delta=2
     5                           	psect	cstackCOMMON,global,class=COMMON,space=1,delta=1,noexec
     6                           	psect	cstackBANK0,global,class=BANK0,space=1,delta=1,noexec
     7                           	psect	maintext,global,class=CODE,space=0,split=1,delta=2
     8                           	psect	text1,local,class=CODE,space=0,merge=1,delta=2
     9                           	psect	text2,local,class=CODE,space=0,merge=1,delta=2,group=1
    10                           	psect	text3,local,class=CODE,space=0,merge=1,delta=2
    11                           	psect	text4,local,class=CODE,space=0,merge=1,delta=2
    12                           	psect	text5,local,class=CODE,space=0,merge=1,delta=2
    13                           	psect	text6,local,class=CODE,space=0,merge=1,delta=2
    14                           	psect	text7,local,class=CODE,space=0,merge=1,delta=2
    15                           	psect	text8,local,class=CODE,space=0,merge=1,delta=2
    16                           	psect	text9,local,class=CODE,space=0,merge=1,delta=2
    17                           	psect	text10,local,class=CODE,space=0,merge=1,delta=2
    18                           	psect	text11,local,class=CODE,space=0,merge=1,delta=2
    19                           	psect	config,global,abs,ovrld,class=CONFIG,space=4,delta=2,noexec
    20                           	dabs	1,0x7E,2
    21     0000                     
    22                           ; Generated 12/10/2023 GMT
    23                           ; 
    24                           ; Copyright © 2023, Microchip Technology Inc. and its subsidiaries ("Microchip")
    25                           ; All rights reserved.
    26                           ; 
    27                           ; This software is developed by Microchip Technology Inc. and its subsidiaries ("Microch
      +                          ip").
    28                           ; 
    29                           ; Redistribution and use in source and binary forms, with or without modification, are
    30                           ; permitted provided that the following conditions are met:
    31                           ; 
    32                           ;     1. Redistributions of source code must retain the above copyright notice, this lis
      +                          t of
    33                           ;        conditions and the following disclaimer.
    34                           ; 
    35                           ;     2. Redistributions in binary form must reproduce the above copyright notice, this 
      +                          list
    36                           ;        of conditions and the following disclaimer in the documentation and/or other
    37                           ;        materials provided with the distribution. Publication is not required when
    38                           ;        this file is used in an embedded application.
    39                           ; 
    40                           ;     3. Microchip's name may not be used to endorse or promote products derived from th
      +                          is
    41                           ;        software without specific prior written permission.
    42                           ; 
    43                           ; THIS SOFTWARE IS PROVIDED BY MICROCHIP "AS IS" AND ANY EXPRESS OR IMPLIED WARRANTIES,
    44                           ; INCLUDING, BUT NOT LIMITED TO, THE IMPLIED WARRANTIES OF MERCHANTABILITY AND FITNESS F
      +                          OR
    45                           ; PURPOSE ARE DISCLAIMED.  IN NO EVENT SHALL MICROCHIP BE LIABLE FOR ANY DIRECT, INDIREC
      +                          T,
    46                           ; INCIDENTAL, SPECIAL, EXEMPLARY, OR CONSEQUENTIAL DAMAGES (INCLUDING BUT NOT LIMITED TO
    47                           ; PROCUREMENT OF SUBSTITUTE GOODS OR SERVICES; LOSS OF USE, DATA OR PROFITS; OR BUSINESS
    48                           ; INTERRUPTION) HOWSOEVER CAUSED AND ON ANY THEORY OF LIABILITY, WHETHER IN CONTRACT, ST
      +                          RICT
    49                           ; LIABILITY, OR TORT (INCLUDING NEGLIGENCE OR OTHERWISE) ARISING IN ANY WAY OUT OF THE U
      +                          SE OF
    50                           ; THIS SOFTWARE, EVEN IF ADVISED OF THE POSSIBILITY OF SUCH DAMAGE.
    51                           ; 
    52                           ; 
    53                           ; Code-generator required, PIC16F877A Definitions
    54                           ; 
    55                           ; SFR Addresses
    56     0004                     fsr             equ	4
    57     0004                     fsr0            equ	4
    58     0000                     indf            equ	0
    59     0000                     indf0           equ	0
    60     0002                     pc              equ	2
    61     0002                     pcl             equ	2
    62     000A                     pclath          equ	10
    63     0003                     status          equ	3
    64     0000                     INDF            equ	0	;# 
    65     0001                     TMR0            equ	1	;# 
    66     0002                     PCL             equ	2	;# 
    67     0003                     STATUS          equ	3	;# 
    68     0004                     FSR             equ	4	;# 
    69     0005                     PORTA           equ	5	;# 
    70     0006                     PORTB           equ	6	;# 
    71     0007                     PORTC           equ	7	;# 
    72     0008                     PORTD           equ	8	;# 
    73     0009                     PORTE           equ	9	;# 
    74     000A                     PCLATH          equ	10	;# 
    75     000B                     INTCON          equ	11	;# 
    76     000C                     PIR1            equ	12	;# 
    77     000D                     PIR2            equ	13	;# 
    78     000E                     TMR1            equ	14	;# 
    79     000E                     TMR1L           equ	14	;# 
    80     000F                     TMR1H           equ	15	;# 
    81     0010                     T1CON           equ	16	;# 
    82     0011                     TMR2            equ	17	;# 
    83     0012                     T2CON           equ	18	;# 
    84     0013                     SSPBUF          equ	19	;# 
    85     0014                     SSPCON          equ	20	;# 
    86     0015                     CCPR1           equ	21	;# 
    87     0015                     CCPR1L          equ	21	;# 
    88     0016                     CCPR1H          equ	22	;# 
    89     0017                     CCP1CON         equ	23	;# 
    90     0018                     RCSTA           equ	24	;# 
    91     0019                     TXREG           equ	25	;# 
    92     001A                     RCREG           equ	26	;# 
    93     001B                     CCPR2           equ	27	;# 
    94     001B                     CCPR2L          equ	27	;# 
    95     001C                     CCPR2H          equ	28	;# 
    96     001D                     CCP2CON         equ	29	;# 
    97     001E                     ADRESH          equ	30	;# 
    98     001F                     ADCON0          equ	31	;# 
    99     0081                     OPTION_REG      equ	129	;# 
   100     0085                     TRISA           equ	133	;# 
   101     0086                     TRISB           equ	134	;# 
   102     0087                     TRISC           equ	135	;# 
   103     0088                     TRISD           equ	136	;# 
   104     0089                     TRISE           equ	137	;# 
   105     008C                     PIE1            equ	140	;# 
   106     008D                     PIE2            equ	141	;# 
   107     008E                     PCON            equ	142	;# 
   108     0091                     SSPCON2         equ	145	;# 
   109     0092                     PR2             equ	146	;# 
   110     0093                     SSPADD          equ	147	;# 
   111     0094                     SSPSTAT         equ	148	;# 
   112     0098                     TXSTA           equ	152	;# 
   113     0099                     SPBRG           equ	153	;# 
   114     009C                     CMCON           equ	156	;# 
   115     009D                     CVRCON          equ	157	;# 
   116     009E                     ADRESL          equ	158	;# 
   117     009F                     ADCON1          equ	159	;# 
   118     010C                     EEDATA          equ	268	;# 
   119     010D                     EEADR           equ	269	;# 
   120     010E                     EEDATH          equ	270	;# 
   121     010F                     EEADRH          equ	271	;# 
   122     018C                     EECON1          equ	396	;# 
   123     018D                     EECON2          equ	397	;# 
   124     0000                     INDF            equ	0	;# 
   125     0001                     TMR0            equ	1	;# 
   126     0002                     PCL             equ	2	;# 
   127     0003                     STATUS          equ	3	;# 
   128     0004                     FSR             equ	4	;# 
   129     0005                     PORTA           equ	5	;# 
   130     0006                     PORTB           equ	6	;# 
   131     0007                     PORTC           equ	7	;# 
   132     0008                     PORTD           equ	8	;# 
   133     0009                     PORTE           equ	9	;# 
   134     000A                     PCLATH          equ	10	;# 
   135     000B                     INTCON          equ	11	;# 
   136     000C                     PIR1            equ	12	;# 
   137     000D                     PIR2            equ	13	;# 
   138     000E                     TMR1            equ	14	;# 
   139     000E                     TMR1L           equ	14	;# 
   140     000F                     TMR1H           equ	15	;# 
   141     0010                     T1CON           equ	16	;# 
   142     0011                     TMR2            equ	17	;# 
   143     0012                     T2CON           equ	18	;# 
   144     0013                     SSPBUF          equ	19	;# 
   145     0014                     SSPCON          equ	20	;# 
   146     0015                     CCPR1           equ	21	;# 
   147     0015                     CCPR1L          equ	21	;# 
   148     0016                     CCPR1H          equ	22	;# 
   149     0017                     CCP1CON         equ	23	;# 
   150     0018                     RCSTA           equ	24	;# 
   151     0019                     TXREG           equ	25	;# 
   152     001A                     RCREG           equ	26	;# 
   153     001B                     CCPR2           equ	27	;# 
   154     001B                     CCPR2L          equ	27	;# 
   155     001C                     CCPR2H          equ	28	;# 
   156     001D                     CCP2CON         equ	29	;# 
   157     001E                     ADRESH          equ	30	;# 
   158     001F                     ADCON0          equ	31	;# 
   159     0081                     OPTION_REG      equ	129	;# 
   160     0085                     TRISA           equ	133	;# 
   161     0086                     TRISB           equ	134	;# 
   162     0087                     TRISC           equ	135	;# 
   163     0088                     TRISD           equ	136	;# 
   164     0089                     TRISE           equ	137	;# 
   165     008C                     PIE1            equ	140	;# 
   166     008D                     PIE2            equ	141	;# 
   167     008E                     PCON            equ	142	;# 
   168     0091                     SSPCON2         equ	145	;# 
   169     0092                     PR2             equ	146	;# 
   170     0093                     SSPADD          equ	147	;# 
   171     0094                     SSPSTAT         equ	148	;# 
   172     0098                     TXSTA           equ	152	;# 
   173     0099                     SPBRG           equ	153	;# 
   174     009C                     CMCON           equ	156	;# 
   175     009D                     CVRCON          equ	157	;# 
   176     009E                     ADRESL          equ	158	;# 
   177     009F                     ADCON1          equ	159	;# 
   178     010C                     EEDATA          equ	268	;# 
   179     010D                     EEADR           equ	269	;# 
   180     010E                     EEDATH          equ	270	;# 
   181     010F                     EEADRH          equ	271	;# 
   182     018C                     EECON1          equ	396	;# 
   183     018D                     EECON2          equ	397	;# 
   184     0000                     INDF            equ	0	;# 
   185     0001                     TMR0            equ	1	;# 
   186     0002                     PCL             equ	2	;# 
   187     0003                     STATUS          equ	3	;# 
   188     0004                     FSR             equ	4	;# 
   189     0005                     PORTA           equ	5	;# 
   190     0006                     PORTB           equ	6	;# 
   191     0007                     PORTC           equ	7	;# 
   192     0008                     PORTD           equ	8	;# 
   193     0009                     PORTE           equ	9	;# 
   194     000A                     PCLATH          equ	10	;# 
   195     000B                     INTCON          equ	11	;# 
   196     000C                     PIR1            equ	12	;# 
   197     000D                     PIR2            equ	13	;# 
   198     000E                     TMR1            equ	14	;# 
   199     000E                     TMR1L           equ	14	;# 
   200     000F                     TMR1H           equ	15	;# 
   201     0010                     T1CON           equ	16	;# 
   202     0011                     TMR2            equ	17	;# 
   203     0012                     T2CON           equ	18	;# 
   204     0013                     SSPBUF          equ	19	;# 
   205     0014                     SSPCON          equ	20	;# 
   206     0015                     CCPR1           equ	21	;# 
   207     0015                     CCPR1L          equ	21	;# 
   208     0016                     CCPR1H          equ	22	;# 
   209     0017                     CCP1CON         equ	23	;# 
   210     0018                     RCSTA           equ	24	;# 
   211     0019                     TXREG           equ	25	;# 
   212     001A                     RCREG           equ	26	;# 
   213     001B                     CCPR2           equ	27	;# 
   214     001B                     CCPR2L          equ	27	;# 
   215     001C                     CCPR2H          equ	28	;# 
   216     001D                     CCP2CON         equ	29	;# 
   217     001E                     ADRESH          equ	30	;# 
   218     001F                     ADCON0          equ	31	;# 
   219     0081                     OPTION_REG      equ	129	;# 
   220     0085                     TRISA           equ	133	;# 
   221     0086                     TRISB           equ	134	;# 
   222     0087                     TRISC           equ	135	;# 
   223     0088                     TRISD           equ	136	;# 
   224     0089                     TRISE           equ	137	;# 
   225     008C                     PIE1            equ	140	;# 
   226     008D                     PIE2            equ	141	;# 
   227     008E                     PCON            equ	142	;# 
   228     0091                     SSPCON2         equ	145	;# 
   229     0092                     PR2             equ	146	;# 
   230     0093                     SSPADD          equ	147	;# 
   231     0094                     SSPSTAT         equ	148	;# 
   232     0098                     TXSTA           equ	152	;# 
   233     0099                     SPBRG           equ	153	;# 
   234     009C                     CMCON           equ	156	;# 
   235     009D                     CVRCON          equ	157	;# 
   236     009E                     ADRESL          equ	158	;# 
   237     009F                     ADCON1          equ	159	;# 
   238     010C                     EEDATA          equ	268	;# 
   239     010D                     EEADR           equ	269	;# 
   240     010E                     EEDATH          equ	270	;# 
   241     010F                     EEADRH          equ	271	;# 
   242     018C                     EECON1          equ	396	;# 
   243     018D                     EECON2          equ	397	;# 
   244     0008                     _PORTD          set	8
   245     0013                     _SSPBUF         set	19
   246     0014                     _SSPCON         set	20
   247     0063                     _SSPIF          set	99
   248     0088                     _TRISD          set	136
   249     0094                     _SSPSTAT        set	148
   250     0093                     _SSPADD         set	147
   251     0091                     _SSPCON2        set	145
   252     048C                     _ACKEN          set	1164
   253     048D                     _ACKDT          set	1165
   254     048B                     _RCEN           set	1163
   255     048E                     _ACKSTAT        set	1166
   256     048A                     _PEN            set	1162
   257     0489                     _RSEN           set	1161
   258     0488                     _SEN            set	1160
   259     043C                     _TRISC4         set	1084
   260     043B                     _TRISC3         set	1083
   261                           
   262                           	psect	cinit
   263     07FC                     start_initialization:	
   264                           ; #config settings
   265                           
   266     07FC                     __initialization:
   267     07FC                     end_of_initialization:	
   268                           ;End of C runtime variable initialization code
   269                           
   270     07FC                     __end_of__initialization:
   271     07FC  0183               	clrf	3
   272     07FD  120A  118A  2F56   	ljmp	_main	;jump to C main() function
   273                           
   274                           	psect	cstackCOMMON
   275     0070                     __pcstackCOMMON:
   276     0070                     ?_I2C_Master_Wait:
   277     0070                     ?_I2C_Master_Start:	
   278                           ; 1 bytes @ 0x0
   279                           
   280     0070                     ?_I2C_Master_RepeatedStart:	
   281                           ; 1 bytes @ 0x0
   282                           
   283     0070                     ?_I2C_Master_Stop:	
   284                           ; 1 bytes @ 0x0
   285                           
   286     0070                     ?_I2C_Master_Write:	
   287                           ; 1 bytes @ 0x0
   288                           
   289     0070                     ?_I2C_Read_Byte:	
   290                           ; 1 bytes @ 0x0
   291                           
   292     0070                     ?_I2C_NACK:	
   293                           ; 1 bytes @ 0x0
   294                           
   295     0070                     ?_main:	
   296                           ; 1 bytes @ 0x0
   297                           
   298     0070                     ?___lldiv:	
   299                           ; 1 bytes @ 0x0
   300                           
   301     0070                     I2C_Master_Write@data:	
   302                           ; 4 bytes @ 0x0
   303                           
   304     0070                     ___lldiv@divisor:	
   305                           ; 1 bytes @ 0x0
   306                           
   307     0070                     ??_I2C_Master_Wait:	
   308                           ; 4 bytes @ 0x0
   309                           
   310     0070                     ??_I2C_Master_Start:	
   311                           ; 1 bytes @ 0x0
   312                           
   313     0070                     ??_I2C_Master_RepeatedStart:	
   314                           ; 1 bytes @ 0x0
   315                           
   316     0070                     ??_I2C_Master_Stop:	
   317                           ; 1 bytes @ 0x0
   318                           
   319     0070                     ??_I2C_Master_Write:	
   320                           ; 1 bytes @ 0x0
   321                           
   322     0070                     ??_I2C_Read_Byte:	
   323                           ; 1 bytes @ 0x0
   324                           
   325     0070                     ??_I2C_NACK:	
   326                           ; 1 bytes @ 0x0
   327                           
   328                           
   329                           ; 1 bytes @ 0x0
   330     0070                     	ds	1
   331     0071                     ?_EEPROM_Write:
   332     0071                     ?_EEPROM_Read:	
   333                           ; 1 bytes @ 0x1
   334                           
   335     0071                     EEPROM_Write@add:	
   336                           ; 1 bytes @ 0x1
   337                           
   338     0071                     EEPROM_Read@add:	
   339                           ; 2 bytes @ 0x1
   340                           
   341                           
   342                           ; 2 bytes @ 0x1
   343     0071                     	ds	2
   344     0073                     EEPROM_Write@data:
   345     0073                     EEPROM_Read@Data:	
   346                           ; 1 bytes @ 0x3
   347                           
   348     0073                     ??_EEPROM_Read:	
   349                           ; 1 bytes @ 0x3
   350                           
   351                           
   352                           ; 1 bytes @ 0x3
   353     0073                     	ds	1
   354     0074                     ___lldiv@dividend:
   355     0074                     ??_EEPROM_Write:	
   356                           ; 4 bytes @ 0x4
   357                           
   358                           
   359                           ; 1 bytes @ 0x4
   360     0074                     	ds	4
   361     0078                     ??___lldiv:
   362                           
   363                           ; 1 bytes @ 0x8
   364     0078                     	ds	1
   365     0079                     ___lldiv@quotient:
   366                           
   367                           ; 4 bytes @ 0x9
   368     0079                     	ds	4
   369     007D                     ___lldiv@counter:
   370                           
   371                           ; 1 bytes @ 0xD
   372     007D                     	ds	1
   373                           
   374                           	psect	cstackBANK0
   375     0020                     __pcstackBANK0:
   376     0020                     ?_I2C_Master_Init:
   377     0020                     I2C_Master_Init@baud:	
   378                           ; 1 bytes @ 0x0
   379                           
   380                           
   381                           ; 4 bytes @ 0x0
   382     0020                     	ds	4
   383     0024                     ??_I2C_Master_Init:
   384                           
   385                           ; 1 bytes @ 0x4
   386     0024                     	ds	4
   387     0028                     ??_main:
   388                           
   389                           ; 1 bytes @ 0x8
   390     0028                     	ds	3
   391                           
   392                           	psect	maintext
   393     0756                     __pmaintext:	
   394 ;;
   395 ;;Main: autosize = 0, tempsize = 3, incstack = 0, save=0
   396 ;;
   397 ;; *************** function _main *****************
   398 ;; Defined at:
   399 ;;		line 25 in file "main.c"
   400 ;; Parameters:    Size  Location     Type
   401 ;;		None
   402 ;; Auto vars:     Size  Location     Type
   403 ;;  Address3        2    0        unsigned int 
   404 ;;  Address2        2    0        unsigned int 
   405 ;;  Address         2    0        unsigned int 
   406 ;;  Data3           1    0        unsigned char 
   407 ;;  Data2           1    0        unsigned char 
   408 ;;  Data            1    0        unsigned char 
   409 ;; Return value:  Size  Location     Type
   410 ;;                  1    wreg      void 
   411 ;; Registers used:
   412 ;;		wreg, status,2, status,0, pclath, cstack
   413 ;; Tracked objects:
   414 ;;		On entry : B00/0
   415 ;;		On exit  : 0/0
   416 ;;		Unchanged: 0/0
   417 ;; Data sizes:     COMMON   BANK0   BANK1   BANK3   BANK2
   418 ;;      Params:         0       0       0       0       0
   419 ;;      Locals:         0       0       0       0       0
   420 ;;      Temps:          0       3       0       0       0
   421 ;;      Totals:         0       3       0       0       0
   422 ;;Total ram usage:        3 bytes
   423 ;; Hardware stack levels required when called: 3
   424 ;; This function calls:
   425 ;;		_EEPROM_Read
   426 ;;		_EEPROM_Write
   427 ;;		_I2C_Master_Init
   428 ;; This function is called by:
   429 ;;		Startup code after reset
   430 ;; This function uses a non-reentrant model
   431 ;;
   432                           
   433     0756                     _main:	
   434                           ;psect for function _main
   435                           
   436     0756                     l874:	
   437                           ;incstack = 0
   438                           ; Regs used in _main: [wreg+status,2+status,0+pclath+cstack]
   439                           
   440                           
   441                           ;main.c: 27:   I2C_Master_Init(100000);
   442     0756  3000               	movlw	0
   443     0757  1283               	bcf	3,5	;RP0=0, select bank0
   444     0758  1303               	bcf	3,6	;RP1=0, select bank0
   445     0759  00A3               	movwf	I2C_Master_Init@baud+3
   446     075A  3001               	movlw	1
   447     075B  00A2               	movwf	I2C_Master_Init@baud+2
   448     075C  3086               	movlw	134
   449     075D  00A1               	movwf	I2C_Master_Init@baud+1
   450     075E  30A0               	movlw	160
   451     075F  00A0               	movwf	I2C_Master_Init@baud
   452     0760  120A  118A  2681  120A  118A  	fcall	_I2C_Master_Init
   453     0765                     l876:
   454     0765                     l878:
   455     0765                     l880:
   456     0765                     l882:
   457     0765                     l884:
   458     0765                     l886:
   459     0765                     l888:
   460                           
   461                           ;main.c: 35:   EEPROM_Write(Address, Data);
   462     0765  3023               	movlw	35
   463     0766  00F1               	movwf	EEPROM_Write@add
   464     0767  3000               	movlw	0
   465     0768  00F2               	movwf	EEPROM_Write@add+1
   466     0769  3041               	movlw	65
   467     076A  00F3               	movwf	EEPROM_Write@data
   468     076B  120A  118A  2659  120A  118A  	fcall	_EEPROM_Write
   469                           
   470                           ;main.c: 36:     _delay((unsigned long)((10)*(16000000/4000.0)));
   471     0770  3034               	movlw	52
   472     0771  1283               	bcf	3,5	;RP0=0, select bank0
   473     0772  1303               	bcf	3,6	;RP1=0, select bank0
   474     0773  00A9               	movwf	??_main+1
   475     0774  30F1               	movlw	241
   476     0775  00A8               	movwf	??_main
   477     0776                     u297:
   478     0776  0BA8               	decfsz	??_main,f
   479     0777  2F76               	goto	u297
   480     0778  0BA9               	decfsz	??_main+1,f
   481     0779  2F76               	goto	u297
   482     077A                     l890:
   483                           
   484                           ;main.c: 37:   EEPROM_Write(Address2, Data2);
   485     077A  3028               	movlw	40
   486     077B  00F1               	movwf	EEPROM_Write@add
   487     077C  3000               	movlw	0
   488     077D  00F2               	movwf	EEPROM_Write@add+1
   489     077E  3042               	movlw	66
   490     077F  00F3               	movwf	EEPROM_Write@data
   491     0780  120A  118A  2659  120A  118A  	fcall	_EEPROM_Write
   492     0785                     l892:
   493                           
   494                           ;main.c: 38:     _delay((unsigned long)((10)*(16000000/4000.0)));
   495     0785  3034               	movlw	52
   496     0786  1283               	bcf	3,5	;RP0=0, select bank0
   497     0787  1303               	bcf	3,6	;RP1=0, select bank0
   498     0788  00A9               	movwf	??_main+1
   499     0789  30F1               	movlw	241
   500     078A  00A8               	movwf	??_main
   501     078B                     u307:
   502     078B  0BA8               	decfsz	??_main,f
   503     078C  2F8B               	goto	u307
   504     078D  0BA9               	decfsz	??_main+1,f
   505     078E  2F8B               	goto	u307
   506                           
   507                           ;main.c: 39:   EEPROM_Write(Address3, Data3);
   508     078F  3036               	movlw	54
   509     0790  00F1               	movwf	EEPROM_Write@add
   510     0791  3000               	movlw	0
   511     0792  00F2               	movwf	EEPROM_Write@add+1
   512     0793  3043               	movlw	67
   513     0794  00F3               	movwf	EEPROM_Write@data
   514     0795  120A  118A  2659  120A  118A  	fcall	_EEPROM_Write
   515     079A                     l894:
   516                           
   517                           ;main.c: 40:   _delay((unsigned long)((10)*(16000000/4000.0)));
   518     079A  3034               	movlw	52
   519     079B  1283               	bcf	3,5	;RP0=0, select bank0
   520     079C  1303               	bcf	3,6	;RP1=0, select bank0
   521     079D  00A9               	movwf	??_main+1
   522     079E  30F1               	movlw	241
   523     079F  00A8               	movwf	??_main
   524     07A0                     u317:
   525     07A0  0BA8               	decfsz	??_main,f
   526     07A1  2FA0               	goto	u317
   527     07A2  0BA9               	decfsz	??_main+1,f
   528     07A3  2FA0               	goto	u317
   529     07A4                     l896:
   530                           
   531                           ;main.c: 42:   TRISD = 0x00;
   532     07A4  1683               	bsf	3,5	;RP0=1, select bank1
   533     07A5  1303               	bcf	3,6	;RP1=0, select bank1
   534     07A6  0188               	clrf	8	;volatile
   535     07A7                     l898:
   536                           
   537                           ;main.c: 43:   PORTD = EEPROM_Read(Address);
   538     07A7  3023               	movlw	35
   539     07A8  00F1               	movwf	EEPROM_Read@add
   540     07A9  3000               	movlw	0
   541     07AA  00F2               	movwf	EEPROM_Read@add+1
   542     07AB  120A  118A  26B9  120A  118A  	fcall	_EEPROM_Read
   543     07B0  1283               	bcf	3,5	;RP0=0, select bank0
   544     07B1  1303               	bcf	3,6	;RP1=0, select bank0
   545     07B2  0088               	movwf	8	;volatile
   546     07B3                     l900:
   547                           
   548                           ;main.c: 44:   _delay((unsigned long)((2000)*(16000000/4000.0)));
   549     07B3  3029               	movlw	41
   550     07B4  1283               	bcf	3,5	;RP0=0, select bank0
   551     07B5  1303               	bcf	3,6	;RP1=0, select bank0
   552     07B6  00AA               	movwf	??_main+2
   553     07B7  3096               	movlw	150
   554     07B8  00A9               	movwf	??_main+1
   555     07B9  307E               	movlw	126
   556     07BA  00A8               	movwf	??_main
   557     07BB                     u327:
   558     07BB  0BA8               	decfsz	??_main,f
   559     07BC  2FBB               	goto	u327
   560     07BD  0BA9               	decfsz	??_main+1,f
   561     07BE  2FBB               	goto	u327
   562     07BF  0BAA               	decfsz	??_main+2,f
   563     07C0  2FBB               	goto	u327
   564     07C1  0000               	nop
   565     07C2                     l902:
   566                           
   567                           ;main.c: 45:   PORTD = EEPROM_Read(Address2);
   568     07C2  3028               	movlw	40
   569     07C3  00F1               	movwf	EEPROM_Read@add
   570     07C4  3000               	movlw	0
   571     07C5  00F2               	movwf	EEPROM_Read@add+1
   572     07C6  120A  118A  26B9  120A  118A  	fcall	_EEPROM_Read
   573     07CB  1283               	bcf	3,5	;RP0=0, select bank0
   574     07CC  1303               	bcf	3,6	;RP1=0, select bank0
   575     07CD  0088               	movwf	8	;volatile
   576     07CE                     l904:
   577                           
   578                           ;main.c: 46:   _delay((unsigned long)((2000)*(16000000/4000.0)));
   579     07CE  3029               	movlw	41
   580     07CF  1283               	bcf	3,5	;RP0=0, select bank0
   581     07D0  1303               	bcf	3,6	;RP1=0, select bank0
   582     07D1  00AA               	movwf	??_main+2
   583     07D2  3096               	movlw	150
   584     07D3  00A9               	movwf	??_main+1
   585     07D4  307E               	movlw	126
   586     07D5  00A8               	movwf	??_main
   587     07D6                     u337:
   588     07D6  0BA8               	decfsz	??_main,f
   589     07D7  2FD6               	goto	u337
   590     07D8  0BA9               	decfsz	??_main+1,f
   591     07D9  2FD6               	goto	u337
   592     07DA  0BAA               	decfsz	??_main+2,f
   593     07DB  2FD6               	goto	u337
   594     07DC  0000               	nop
   595     07DD                     l906:
   596                           
   597                           ;main.c: 47:   PORTD = EEPROM_Read(Address3);
   598     07DD  3036               	movlw	54
   599     07DE  00F1               	movwf	EEPROM_Read@add
   600     07DF  3000               	movlw	0
   601     07E0  00F2               	movwf	EEPROM_Read@add+1
   602     07E1  120A  118A  26B9  120A  118A  	fcall	_EEPROM_Read
   603     07E6  1283               	bcf	3,5	;RP0=0, select bank0
   604     07E7  1303               	bcf	3,6	;RP1=0, select bank0
   605     07E8  0088               	movwf	8	;volatile
   606     07E9                     l908:
   607                           
   608                           ;main.c: 48:   _delay((unsigned long)((2000)*(16000000/4000.0)));
   609     07E9  3029               	movlw	41
   610     07EA  1283               	bcf	3,5	;RP0=0, select bank0
   611     07EB  1303               	bcf	3,6	;RP1=0, select bank0
   612     07EC  00AA               	movwf	??_main+2
   613     07ED  3096               	movlw	150
   614     07EE  00A9               	movwf	??_main+1
   615     07EF  307E               	movlw	126
   616     07F0  00A8               	movwf	??_main
   617     07F1                     u347:
   618     07F1  0BA8               	decfsz	??_main,f
   619     07F2  2FF1               	goto	u347
   620     07F3  0BA9               	decfsz	??_main+1,f
   621     07F4  2FF1               	goto	u347
   622     07F5  0BAA               	decfsz	??_main+2,f
   623     07F6  2FF1               	goto	u347
   624     07F7  0000               	nop
   625     07F8                     l95:	
   626                           ;main.c: 50:   while(1)
   627                           
   628     07F8                     l96:	
   629                           ;main.c: 51:   {;main.c: 53:   }
   630                           
   631     07F8  2FF8               	goto	l95
   632     07F9  120A  118A  2800   	ljmp	start
   633     07FC                     __end_of_main:
   634                           
   635                           	psect	text1
   636     0681                     __ptext1:	
   637 ;; *************** function _I2C_Master_Init *****************
   638 ;; Defined at:
   639 ;;		line 8 in file "i2c_eeprom.c"
   640 ;; Parameters:    Size  Location     Type
   641 ;;  baud            4    0[BANK0 ] const unsigned long 
   642 ;; Auto vars:     Size  Location     Type
   643 ;;		None
   644 ;; Return value:  Size  Location     Type
   645 ;;                  1    wreg      void 
   646 ;; Registers used:
   647 ;;		wreg, status,2, status,0, pclath, cstack
   648 ;; Tracked objects:
   649 ;;		On entry : 0/0
   650 ;;		On exit  : 0/0
   651 ;;		Unchanged: 0/0
   652 ;; Data sizes:     COMMON   BANK0   BANK1   BANK3   BANK2
   653 ;;      Params:         0       4       0       0       0
   654 ;;      Locals:         0       0       0       0       0
   655 ;;      Temps:          0       4       0       0       0
   656 ;;      Totals:         0       8       0       0       0
   657 ;;Total ram usage:        8 bytes
   658 ;; Hardware stack levels used: 1
   659 ;; Hardware stack levels required when called: 1
   660 ;; This function calls:
   661 ;;		___lldiv
   662 ;; This function is called by:
   663 ;;		_main
   664 ;; This function uses a non-reentrant model
   665 ;;
   666                           
   667     0681                     _I2C_Master_Init:	
   668                           ;psect for function _I2C_Master_Init
   669                           
   670     0681                     l840:	
   671                           ;incstack = 0
   672                           ; Regs used in _I2C_Master_Init: [wreg+status,2+status,0+pclath+cstack]
   673                           
   674                           
   675                           ;i2c_eeprom.c: 8: void I2C_Master_Init(const unsigned long baud);i2c_eeprom.c: 9: {;i2c_
      +                          eeprom.c: 10:   SSPCON = 0b00101000;
   676     0681  3028               	movlw	40
   677     0682  1283               	bcf	3,5	;RP0=0, select bank0
   678     0683  1303               	bcf	3,6	;RP1=0, select bank0
   679     0684  0094               	movwf	20	;volatile
   680     0685                     l842:
   681                           
   682                           ;i2c_eeprom.c: 11:   SSPCON2 = 0;
   683     0685  1683               	bsf	3,5	;RP0=1, select bank1
   684     0686  1303               	bcf	3,6	;RP1=0, select bank1
   685     0687  0191               	clrf	17	;volatile
   686     0688                     l844:
   687                           
   688                           ;i2c_eeprom.c: 12:   SSPADD = (16000000/(4*baud))-1;
   689     0688  1283               	bcf	3,5	;RP0=0, select bank0
   690     0689  1303               	bcf	3,6	;RP1=0, select bank0
   691     068A  0820               	movf	I2C_Master_Init@baud,w
   692     068B  00A4               	movwf	??_I2C_Master_Init
   693     068C  0821               	movf	I2C_Master_Init@baud+1,w
   694     068D  00A5               	movwf	??_I2C_Master_Init+1
   695     068E  0822               	movf	I2C_Master_Init@baud+2,w
   696     068F  00A6               	movwf	??_I2C_Master_Init+2
   697     0690  0823               	movf	I2C_Master_Init@baud+3,w
   698     0691  00A7               	movwf	??_I2C_Master_Init+3
   699     0692  3002               	movlw	2
   700     0693                     u265:
   701     0693  1003               	clrc
   702     0694  0DA4               	rlf	??_I2C_Master_Init,f
   703     0695  0DA5               	rlf	??_I2C_Master_Init+1,f
   704     0696  0DA6               	rlf	??_I2C_Master_Init+2,f
   705     0697  0DA7               	rlf	??_I2C_Master_Init+3,f
   706     0698                     u260:
   707     0698  3EFF               	addlw	-1
   708     0699  1D03               	skipz
   709     069A  2E93               	goto	u265
   710     069B  0827               	movf	??_I2C_Master_Init+3,w
   711     069C  00F3               	movwf	___lldiv@divisor+3
   712     069D  0826               	movf	??_I2C_Master_Init+2,w
   713     069E  00F2               	movwf	___lldiv@divisor+2
   714     069F  0825               	movf	??_I2C_Master_Init+1,w
   715     06A0  00F1               	movwf	___lldiv@divisor+1
   716     06A1  0824               	movf	??_I2C_Master_Init,w
   717     06A2  00F0               	movwf	___lldiv@divisor
   718     06A3  3000               	movlw	0
   719     06A4  00F7               	movwf	___lldiv@dividend+3
   720     06A5  30F4               	movlw	244
   721     06A6  00F6               	movwf	___lldiv@dividend+2
   722     06A7  3024               	movlw	36
   723     06A8  00F5               	movwf	___lldiv@dividend+1
   724     06A9  3000               	movlw	0
   725     06AA  00F4               	movwf	___lldiv@dividend
   726     06AB  120A  118A  26F2  120A  118A  	fcall	___lldiv
   727     06B0  0870               	movf	?___lldiv,w
   728     06B1  3EFF               	addlw	255
   729     06B2  1683               	bsf	3,5	;RP0=1, select bank1
   730     06B3  1303               	bcf	3,6	;RP1=0, select bank1
   731     06B4  0093               	movwf	19	;volatile
   732     06B5                     l846:
   733                           
   734                           ;i2c_eeprom.c: 13:   SSPSTAT = 0;
   735     06B5  0194               	clrf	20	;volatile
   736     06B6                     l848:
   737                           
   738                           ;i2c_eeprom.c: 14:   TRISC3 = 1;
   739     06B6  1587               	bsf	7,3	;volatile
   740     06B7                     l850:
   741                           
   742                           ;i2c_eeprom.c: 15:   TRISC4 = 1;
   743     06B7  1607               	bsf	7,4	;volatile
   744     06B8                     l33:
   745     06B8  0008               	return
   746     06B9                     __end_of_I2C_Master_Init:
   747                           
   748                           	psect	text2
   749     06F2                     __ptext2:	
   750 ;; *************** function ___lldiv *****************
   751 ;; Defined at:
   752 ;;		line 5 in file "C:\Program Files\Microchip\xc8\v3.00\pic\sources\c99\common\__lldiv.c"
   753 ;; Parameters:    Size  Location     Type
   754 ;;  divisor         4    0[COMMON] unsigned long 
   755 ;;  dividend        4    4[COMMON] unsigned long 
   756 ;; Auto vars:     Size  Location     Type
   757 ;;  quotient        4    9[COMMON] unsigned long 
   758 ;;  counter         1   13[COMMON] unsigned char 
   759 ;; Return value:  Size  Location     Type
   760 ;;                  4    0[COMMON] unsigned long 
   761 ;; Registers used:
   762 ;;		wreg, status,2, status,0
   763 ;; Tracked objects:
   764 ;;		On entry : 0/0
   765 ;;		On exit  : 0/0
   766 ;;		Unchanged: 0/0
   767 ;; Data sizes:     COMMON   BANK0   BANK1   BANK3   BANK2
   768 ;;      Params:         8       0       0       0       0
   769 ;;      Locals:         5       0       0       0       0
   770 ;;      Temps:          1       0       0       0       0
   771 ;;      Totals:        14       0       0       0       0
   772 ;;Total ram usage:       14 bytes
   773 ;; Hardware stack levels used: 1
   774 ;; This function calls:
   775 ;;		Nothing
   776 ;; This function is called by:
   777 ;;		_I2C_Master_Init
   778 ;; This function uses a non-reentrant model
   779 ;;
   780                           
   781     06F2                     ___lldiv:	
   782                           ;psect for function ___lldiv
   783                           
   784     06F2                     l816:	
   785                           ;incstack = 0
   786                           ; Regs used in ___lldiv: [wreg+status,2+status,0]
   787                           
   788     06F2  3000               	movlw	0
   789     06F3  00FC               	movwf	___lldiv@quotient+3
   790     06F4  3000               	movlw	0
   791     06F5  00FB               	movwf	___lldiv@quotient+2
   792     06F6  3000               	movlw	0
   793     06F7  00FA               	movwf	___lldiv@quotient+1
   794     06F8  3000               	movlw	0
   795     06F9  00F9               	movwf	___lldiv@quotient
   796     06FA  0873               	movf	___lldiv@divisor+3,w
   797     06FB  0472               	iorwf	___lldiv@divisor+2,w
   798     06FC  0471               	iorwf	___lldiv@divisor+1,w
   799     06FD  0470               	iorwf	___lldiv@divisor,w
   800     06FE  1903               	skipnz
   801     06FF  2F01               	goto	u191
   802     0700  2F02               	goto	u190
   803     0701                     u191:
   804     0701  2F4D               	goto	l836
   805     0702                     u190:
   806     0702                     l818:
   807     0702  3001               	movlw	1
   808     0703  00FD               	movwf	___lldiv@counter
   809     0704  2F10               	goto	l822
   810     0705                     l820:
   811     0705  3001               	movlw	1
   812     0706  00F8               	movwf	??___lldiv
   813     0707                     u205:
   814     0707  1003               	clrc
   815     0708  0DF0               	rlf	___lldiv@divisor,f
   816     0709  0DF1               	rlf	___lldiv@divisor+1,f
   817     070A  0DF2               	rlf	___lldiv@divisor+2,f
   818     070B  0DF3               	rlf	___lldiv@divisor+3,f
   819     070C  0BF8               	decfsz	??___lldiv,f
   820     070D  2F07               	goto	u205
   821     070E  3001               	movlw	1
   822     070F  07FD               	addwf	___lldiv@counter,f
   823     0710                     l822:
   824     0710  1FF3               	btfss	___lldiv@divisor+3,7
   825     0711  2F13               	goto	u211
   826     0712  2F14               	goto	u210
   827     0713                     u211:
   828     0713  2F05               	goto	l820
   829     0714                     u210:
   830     0714                     l824:
   831     0714  3001               	movlw	1
   832     0715  00F8               	movwf	??___lldiv
   833     0716                     u225:
   834     0716  1003               	clrc
   835     0717  0DF9               	rlf	___lldiv@quotient,f
   836     0718  0DFA               	rlf	___lldiv@quotient+1,f
   837     0719  0DFB               	rlf	___lldiv@quotient+2,f
   838     071A  0DFC               	rlf	___lldiv@quotient+3,f
   839     071B  0BF8               	decfsz	??___lldiv,f
   840     071C  2F16               	goto	u225
   841     071D                     l826:
   842     071D  0873               	movf	___lldiv@divisor+3,w
   843     071E  0277               	subwf	___lldiv@dividend+3,w
   844     071F  1D03               	skipz
   845     0720  2F2B               	goto	u235
   846     0721  0872               	movf	___lldiv@divisor+2,w
   847     0722  0276               	subwf	___lldiv@dividend+2,w
   848     0723  1D03               	skipz
   849     0724  2F2B               	goto	u235
   850     0725  0871               	movf	___lldiv@divisor+1,w
   851     0726  0275               	subwf	___lldiv@dividend+1,w
   852     0727  1D03               	skipz
   853     0728  2F2B               	goto	u235
   854     0729  0870               	movf	___lldiv@divisor,w
   855     072A  0274               	subwf	___lldiv@dividend,w
   856     072B                     u235:
   857     072B  1C03               	skipc
   858     072C  2F2E               	goto	u231
   859     072D  2F2F               	goto	u230
   860     072E                     u231:
   861     072E  2F3E               	goto	l832
   862     072F                     u230:
   863     072F                     l828:
   864     072F  0870               	movf	___lldiv@divisor,w
   865     0730  02F4               	subwf	___lldiv@dividend,f
   866     0731  0871               	movf	___lldiv@divisor+1,w
   867     0732  1C03               	skipc
   868     0733  0F71               	incfsz	___lldiv@divisor+1,w
   869     0734  02F5               	subwf	___lldiv@dividend+1,f
   870     0735  0872               	movf	___lldiv@divisor+2,w
   871     0736  1C03               	skipc
   872     0737  0F72               	incfsz	___lldiv@divisor+2,w
   873     0738  02F6               	subwf	___lldiv@dividend+2,f
   874     0739  0873               	movf	___lldiv@divisor+3,w
   875     073A  1C03               	skipc
   876     073B  0F73               	incfsz	___lldiv@divisor+3,w
   877     073C  02F7               	subwf	___lldiv@dividend+3,f
   878     073D                     l830:
   879     073D  1479               	bsf	___lldiv@quotient,0
   880     073E                     l832:
   881     073E  3001               	movlw	1
   882     073F                     u245:
   883     073F  1003               	clrc
   884     0740  0CF3               	rrf	___lldiv@divisor+3,f
   885     0741  0CF2               	rrf	___lldiv@divisor+2,f
   886     0742  0CF1               	rrf	___lldiv@divisor+1,f
   887     0743  0CF0               	rrf	___lldiv@divisor,f
   888     0744  3EFF               	addlw	-1
   889     0745  1D03               	skipz
   890     0746  2F3F               	goto	u245
   891     0747                     l834:
   892     0747  3001               	movlw	1
   893     0748  02FD               	subwf	___lldiv@counter,f
   894     0749  1D03               	btfss	3,2
   895     074A  2F4C               	goto	u251
   896     074B  2F4D               	goto	u250
   897     074C                     u251:
   898     074C  2F14               	goto	l824
   899     074D                     u250:
   900     074D                     l836:
   901     074D  087C               	movf	___lldiv@quotient+3,w
   902     074E  00F3               	movwf	?___lldiv+3
   903     074F  087B               	movf	___lldiv@quotient+2,w
   904     0750  00F2               	movwf	?___lldiv+2
   905     0751  087A               	movf	___lldiv@quotient+1,w
   906     0752  00F1               	movwf	?___lldiv+1
   907     0753  0879               	movf	___lldiv@quotient,w
   908     0754  00F0               	movwf	?___lldiv
   909     0755                     l220:
   910     0755  0008               	return
   911     0756                     __end_of___lldiv:
   912                           
   913                           	psect	text3
   914     0659                     __ptext3:	
   915 ;; *************** function _EEPROM_Write *****************
   916 ;; Defined at:
   917 ;;		line 67 in file "i2c_eeprom.c"
   918 ;; Parameters:    Size  Location     Type
   919 ;;  add             2    1[COMMON] unsigned int 
   920 ;;  data            1    3[COMMON] unsigned char 
   921 ;; Auto vars:     Size  Location     Type
   922 ;;		None
   923 ;; Return value:  Size  Location     Type
   924 ;;                  1    wreg      void 
   925 ;; Registers used:
   926 ;;		wreg, status,2, status,0, pclath, cstack
   927 ;; Tracked objects:
   928 ;;		On entry : 0/0
   929 ;;		On exit  : 0/0
   930 ;;		Unchanged: 0/0
   931 ;; Data sizes:     COMMON   BANK0   BANK1   BANK3   BANK2
   932 ;;      Params:         3       0       0       0       0
   933 ;;      Locals:         0       0       0       0       0
   934 ;;      Temps:          0       0       0       0       0
   935 ;;      Totals:         3       0       0       0       0
   936 ;;Total ram usage:        3 bytes
   937 ;; Hardware stack levels used: 1
   938 ;; Hardware stack levels required when called: 2
   939 ;; This function calls:
   940 ;;		_I2C_Master_Start
   941 ;;		_I2C_Master_Stop
   942 ;;		_I2C_Master_Write
   943 ;; This function is called by:
   944 ;;		_main
   945 ;; This function uses a non-reentrant model
   946 ;;
   947                           
   948     0659                     _EEPROM_Write:	
   949                           ;psect for function _EEPROM_Write
   950                           
   951     0659                     l852:	
   952                           ;incstack = 0
   953                           ; Regs used in _EEPROM_Write: [wreg+status,2+status,0+pclath+cstack]
   954                           
   955                           
   956                           ;i2c_eeprom.c: 67: void EEPROM_Write(unsigned int add, unsigned char data);i2c_eeprom.c:
      +                           68: {;i2c_eeprom.c: 69:   I2C_Master_Start();
   957     0659  120A  118A  2602  120A  118A  	fcall	_I2C_Master_Start
   958     065E                     l854:	
   959                           ;i2c_eeprom.c: 72:   while(I2C_Master_Write(0xA0));
   960                           
   961     065E  30A0               	movlw	160
   962     065F  120A  118A  262D  120A  118A  	fcall	_I2C_Master_Write
   963     0664  3A00               	xorlw	0
   964     0665  1D03               	skipz
   965     0666  2E68               	goto	u271
   966     0667  2E69               	goto	u270
   967     0668                     u271:
   968     0668  2E5E               	goto	l854
   969     0669                     u270:
   970     0669                     l856:
   971                           
   972                           ;i2c_eeprom.c: 75:   I2C_Master_Write(add>>8);
   973     0669  0872               	movf	EEPROM_Write@add+1,w
   974     066A  120A  118A  262D  120A  118A  	fcall	_I2C_Master_Write
   975                           
   976                           ;i2c_eeprom.c: 76:   I2C_Master_Write((unsigned char)add);
   977     066F  0871               	movf	EEPROM_Write@add,w
   978     0670  120A  118A  262D  120A  118A  	fcall	_I2C_Master_Write
   979                           
   980                           ;i2c_eeprom.c: 77:   I2C_Master_Write(data);
   981     0675  0873               	movf	EEPROM_Write@data,w
   982     0676  120A  118A  262D  120A  118A  	fcall	_I2C_Master_Write
   983                           
   984                           ;i2c_eeprom.c: 78:   I2C_Master_Stop();
   985     067B  120A  118A  260B  120A  118A  	fcall	_I2C_Master_Stop
   986     0680                     l72:
   987     0680  0008               	return
   988     0681                     __end_of_EEPROM_Write:
   989                           
   990                           	psect	text4
   991     06B9                     __ptext4:	
   992 ;; *************** function _EEPROM_Read *****************
   993 ;; Defined at:
   994 ;;		line 84 in file "i2c_eeprom.c"
   995 ;; Parameters:    Size  Location     Type
   996 ;;  add             2    1[COMMON] unsigned int 
   997 ;; Auto vars:     Size  Location     Type
   998 ;;  Data            1    3[COMMON] unsigned char 
   999 ;; Return value:  Size  Location     Type
  1000 ;;                  1    wreg      unsigned char 
  1001 ;; Registers used:
  1002 ;;		wreg, status,2, status,0, pclath, cstack
  1003 ;; Tracked objects:
  1004 ;;		On entry : 0/0
  1005 ;;		On exit  : 0/0
  1006 ;;		Unchanged: 0/0
  1007 ;; Data sizes:     COMMON   BANK0   BANK1   BANK3   BANK2
  1008 ;;      Params:         2       0       0       0       0
  1009 ;;      Locals:         1       0       0       0       0
  1010 ;;      Temps:          0       0       0       0       0
  1011 ;;      Totals:         3       0       0       0       0
  1012 ;;Total ram usage:        3 bytes
  1013 ;; Hardware stack levels used: 1
  1014 ;; Hardware stack levels required when called: 2
  1015 ;; This function calls:
  1016 ;;		_I2C_Master_RepeatedStart
  1017 ;;		_I2C_Master_Start
  1018 ;;		_I2C_Master_Stop
  1019 ;;		_I2C_Master_Write
  1020 ;;		_I2C_NACK
  1021 ;;		_I2C_Read_Byte
  1022 ;; This function is called by:
  1023 ;;		_main
  1024 ;; This function uses a non-reentrant model
  1025 ;;
  1026                           
  1027     06B9                     _EEPROM_Read:	
  1028                           ;psect for function _EEPROM_Read
  1029                           
  1030     06B9                     l858:	
  1031                           ;incstack = 0
  1032                           ; Regs used in _EEPROM_Read: [wreg+status,2+status,0+pclath+cstack]
  1033                           
  1034                           
  1035                           ;i2c_eeprom.c: 84: unsigned char EEPROM_Read(unsigned int add);i2c_eeprom.c: 85: {;i2c_e
      +                          eprom.c: 86:   unsigned char Data;;i2c_eeprom.c: 87:   I2C_Master_Start();
  1036     06B9  120A  118A  2602  120A  118A  	fcall	_I2C_Master_Start
  1037     06BE                     l860:	
  1038                           ;i2c_eeprom.c: 90:   while(I2C_Master_Write(0xA0));
  1039                           
  1040     06BE  30A0               	movlw	160
  1041     06BF  120A  118A  262D  120A  118A  	fcall	_I2C_Master_Write
  1042     06C4  3A00               	xorlw	0
  1043     06C5  1D03               	skipz
  1044     06C6  2EC8               	goto	u281
  1045     06C7  2EC9               	goto	u280
  1046     06C8                     u281:
  1047     06C8  2EBE               	goto	l860
  1048     06C9                     u280:
  1049     06C9                     l862:
  1050                           
  1051                           ;i2c_eeprom.c: 93:   I2C_Master_Write(add>>8);
  1052     06C9  0872               	movf	EEPROM_Read@add+1,w
  1053     06CA  120A  118A  262D  120A  118A  	fcall	_I2C_Master_Write
  1054                           
  1055                           ;i2c_eeprom.c: 94:   I2C_Master_Write((unsigned char)add);
  1056     06CF  0871               	movf	EEPROM_Read@add,w
  1057     06D0  120A  118A  262D  120A  118A  	fcall	_I2C_Master_Write
  1058                           
  1059                           ;i2c_eeprom.c: 95:   I2C_Master_RepeatedStart();
  1060     06D5  120A  118A  25F9  120A  118A  	fcall	_I2C_Master_RepeatedStart
  1061                           
  1062                           ;i2c_eeprom.c: 97:   I2C_Master_Write(0xA1);
  1063     06DA  30A1               	movlw	161
  1064     06DB  120A  118A  262D  120A  118A  	fcall	_I2C_Master_Write
  1065                           
  1066                           ;i2c_eeprom.c: 98:   Data = I2C_Read_Byte();
  1067     06E0  120A  118A  2642  120A  118A  	fcall	_I2C_Read_Byte
  1068     06E5  00F3               	movwf	EEPROM_Read@Data
  1069                           
  1070                           ;i2c_eeprom.c: 99:   I2C_NACK();
  1071     06E6  120A  118A  2614  120A  118A  	fcall	_I2C_NACK
  1072                           
  1073                           ;i2c_eeprom.c: 100:   I2C_Master_Stop();
  1074     06EB  120A  118A  260B  120A  118A  	fcall	_I2C_Master_Stop
  1075     06F0                     l864:
  1076                           
  1077                           ;i2c_eeprom.c: 102:   return Data;
  1078     06F0  0873               	movf	EEPROM_Read@Data,w
  1079     06F1                     l78:
  1080     06F1  0008               	return
  1081     06F2                     __end_of_EEPROM_Read:
  1082                           
  1083                           	psect	text5
  1084     0642                     __ptext5:	
  1085 ;; *************** function _I2C_Read_Byte *****************
  1086 ;; Defined at:
  1087 ;;		line 44 in file "i2c_eeprom.c"
  1088 ;; Parameters:    Size  Location     Type
  1089 ;;		None
  1090 ;; Auto vars:     Size  Location     Type
  1091 ;;		None
  1092 ;; Return value:  Size  Location     Type
  1093 ;;                  1    wreg      unsigned char 
  1094 ;; Registers used:
  1095 ;;		wreg, status,2, status,0, pclath, cstack
  1096 ;; Tracked objects:
  1097 ;;		On entry : 0/0
  1098 ;;		On exit  : 0/0
  1099 ;;		Unchanged: 0/0
  1100 ;; Data sizes:     COMMON   BANK0   BANK1   BANK3   BANK2
  1101 ;;      Params:         0       0       0       0       0
  1102 ;;      Locals:         0       0       0       0       0
  1103 ;;      Temps:          0       0       0       0       0
  1104 ;;      Totals:         0       0       0       0       0
  1105 ;;Total ram usage:        0 bytes
  1106 ;; Hardware stack levels used: 1
  1107 ;; Hardware stack levels required when called: 1
  1108 ;; This function calls:
  1109 ;;		_I2C_Master_Wait
  1110 ;; This function is called by:
  1111 ;;		_EEPROM_Read
  1112 ;; This function uses a non-reentrant model
  1113 ;;
  1114                           
  1115     0642                     _I2C_Read_Byte:	
  1116                           ;psect for function _I2C_Read_Byte
  1117                           
  1118     0642                     l800:	
  1119                           ;incstack = 0
  1120                           ; Regs used in _I2C_Read_Byte: [wreg+status,2+status,0+pclath+cstack]
  1121                           
  1122                           
  1123                           ;i2c_eeprom.c: 47:   I2C_Master_Wait();
  1124     0642  120A  118A  2620  120A  118A  	fcall	_I2C_Master_Wait
  1125     0647                     l802:
  1126                           
  1127                           ;i2c_eeprom.c: 48:   RCEN = 1;
  1128     0647  1683               	bsf	3,5	;RP0=1, select bank1
  1129     0648  1303               	bcf	3,6	;RP1=0, select bank1
  1130     0649  1591               	bsf	17,3	;volatile
  1131     064A                     l57:	
  1132                           ;i2c_eeprom.c: 49:   while(!SSPIF);
  1133                           
  1134     064A  1283               	bcf	3,5	;RP0=0, select bank0
  1135     064B  1D8C               	btfss	12,3	;volatile
  1136     064C  2E4E               	goto	u181
  1137     064D  2E4F               	goto	u180
  1138     064E                     u181:
  1139     064E  2E4A               	goto	l57
  1140     064F                     u180:
  1141     064F                     l59:
  1142                           
  1143                           ;i2c_eeprom.c: 50:   SSPIF = 0;
  1144     064F  118C               	bcf	12,3	;volatile
  1145     0650                     l804:
  1146                           
  1147                           ;i2c_eeprom.c: 51:   I2C_Master_Wait();
  1148     0650  120A  118A  2620  120A  118A  	fcall	_I2C_Master_Wait
  1149     0655                     l806:
  1150                           
  1151                           ;i2c_eeprom.c: 52:   return SSPBUF;
  1152     0655  1283               	bcf	3,5	;RP0=0, select bank0
  1153     0656  1303               	bcf	3,6	;RP1=0, select bank0
  1154     0657  0813               	movf	19,w	;volatile
  1155     0658                     l60:
  1156     0658  0008               	return
  1157     0659                     __end_of_I2C_Read_Byte:
  1158                           
  1159                           	psect	text6
  1160     0614                     __ptext6:	
  1161 ;; *************** function _I2C_NACK *****************
  1162 ;; Defined at:
  1163 ;;		line 60 in file "i2c_eeprom.c"
  1164 ;; Parameters:    Size  Location     Type
  1165 ;;		None
  1166 ;; Auto vars:     Size  Location     Type
  1167 ;;		None
  1168 ;; Return value:  Size  Location     Type
  1169 ;;                  1    wreg      void 
  1170 ;; Registers used:
  1171 ;;		wreg, status,2, status,0, pclath, cstack
  1172 ;; Tracked objects:
  1173 ;;		On entry : 0/0
  1174 ;;		On exit  : 0/0
  1175 ;;		Unchanged: 0/0
  1176 ;; Data sizes:     COMMON   BANK0   BANK1   BANK3   BANK2
  1177 ;;      Params:         0       0       0       0       0
  1178 ;;      Locals:         0       0       0       0       0
  1179 ;;      Temps:          0       0       0       0       0
  1180 ;;      Totals:         0       0       0       0       0
  1181 ;;Total ram usage:        0 bytes
  1182 ;; Hardware stack levels used: 1
  1183 ;; Hardware stack levels required when called: 1
  1184 ;; This function calls:
  1185 ;;		_I2C_Master_Wait
  1186 ;; This function is called by:
  1187 ;;		_EEPROM_Read
  1188 ;; This function uses a non-reentrant model
  1189 ;;
  1190                           
  1191     0614                     _I2C_NACK:	
  1192                           ;psect for function _I2C_NACK
  1193                           
  1194     0614                     l810:	
  1195                           ;incstack = 0
  1196                           ; Regs used in _I2C_NACK: [wreg+status,2+status,0+pclath+cstack]
  1197                           
  1198                           
  1199                           ;i2c_eeprom.c: 62:   ACKDT = 1;
  1200     0614  1683               	bsf	3,5	;RP0=1, select bank1
  1201     0615  1303               	bcf	3,6	;RP1=0, select bank1
  1202     0616  1691               	bsf	17,5	;volatile
  1203     0617                     l812:
  1204                           
  1205                           ;i2c_eeprom.c: 63:   I2C_Master_Wait();
  1206     0617  120A  118A  2620  120A  118A  	fcall	_I2C_Master_Wait
  1207     061C                     l814:
  1208                           
  1209                           ;i2c_eeprom.c: 64:   ACKEN = 1;
  1210     061C  1683               	bsf	3,5	;RP0=1, select bank1
  1211     061D  1303               	bcf	3,6	;RP1=0, select bank1
  1212     061E  1611               	bsf	17,4	;volatile
  1213     061F                     l66:
  1214     061F  0008               	return
  1215     0620                     __end_of_I2C_NACK:
  1216                           
  1217                           	psect	text7
  1218     062D                     __ptext7:	
  1219 ;; *************** function _I2C_Master_Write *****************
  1220 ;; Defined at:
  1221 ;;		line 36 in file "i2c_eeprom.c"
  1222 ;; Parameters:    Size  Location     Type
  1223 ;;  data            1    wreg     unsigned char 
  1224 ;; Auto vars:     Size  Location     Type
  1225 ;;  data            1    0[COMMON] unsigned char 
  1226 ;; Return value:  Size  Location     Type
  1227 ;;                  1    wreg      unsigned char 
  1228 ;; Registers used:
  1229 ;;		wreg, status,2, status,0, pclath, cstack
  1230 ;; Tracked objects:
  1231 ;;		On entry : 0/0
  1232 ;;		On exit  : 0/0
  1233 ;;		Unchanged: 0/0
  1234 ;; Data sizes:     COMMON   BANK0   BANK1   BANK3   BANK2
  1235 ;;      Params:         0       0       0       0       0
  1236 ;;      Locals:         1       0       0       0       0
  1237 ;;      Temps:          0       0       0       0       0
  1238 ;;      Totals:         1       0       0       0       0
  1239 ;;Total ram usage:        1 bytes
  1240 ;; Hardware stack levels used: 1
  1241 ;; Hardware stack levels required when called: 1
  1242 ;; This function calls:
  1243 ;;		_I2C_Master_Wait
  1244 ;; This function is called by:
  1245 ;;		_EEPROM_Write
  1246 ;;		_EEPROM_Read
  1247 ;; This function uses a non-reentrant model
  1248 ;;
  1249                           
  1250     062D                     _I2C_Master_Write:	
  1251                           ;psect for function _I2C_Master_Write
  1252                           
  1253                           
  1254                           ;incstack = 0
  1255                           ; Regs used in _I2C_Master_Write: [wreg+status,2+status,0+pclath+cstack]
  1256                           ;I2C_Master_Write@data stored from wreg
  1257     062D  00F0               	movwf	I2C_Master_Write@data
  1258     062E                     l792:
  1259                           
  1260                           ;i2c_eeprom.c: 36: unsigned char I2C_Master_Write(unsigned char data);i2c_eeprom.c: 37: 
      +                          {;i2c_eeprom.c: 38:   I2C_Master_Wait();
  1261     062E  120A  118A  2620  120A  118A  	fcall	_I2C_Master_Wait
  1262     0633                     l794:
  1263                           
  1264                           ;i2c_eeprom.c: 39:   SSPBUF = data;
  1265     0633  0870               	movf	I2C_Master_Write@data,w
  1266     0634  1283               	bcf	3,5	;RP0=0, select bank0
  1267     0635  1303               	bcf	3,6	;RP1=0, select bank0
  1268     0636  0093               	movwf	19	;volatile
  1269     0637                     l51:	
  1270                           ;i2c_eeprom.c: 40:   while(!SSPIF);
  1271                           
  1272     0637  1D8C               	btfss	12,3	;volatile
  1273     0638  2E3A               	goto	u171
  1274     0639  2E3B               	goto	u170
  1275     063A                     u171:
  1276     063A  2E37               	goto	l51
  1277     063B                     u170:
  1278     063B                     l53:
  1279                           
  1280                           ;i2c_eeprom.c: 41:   SSPIF = 0;
  1281     063B  118C               	bcf	12,3	;volatile
  1282     063C                     l796:
  1283                           
  1284                           ;i2c_eeprom.c: 42:   return ACKSTAT;
  1285     063C  3000               	movlw	0
  1286     063D  1683               	bsf	3,5	;RP0=1, select bank1
  1287     063E  1303               	bcf	3,6	;RP1=0, select bank1
  1288     063F  1B11               	btfsc	17,6	;volatile
  1289     0640  3001               	movlw	1
  1290     0641                     l54:
  1291     0641  0008               	return
  1292     0642                     __end_of_I2C_Master_Write:
  1293                           
  1294                           	psect	text8
  1295     060B                     __ptext8:	
  1296 ;; *************** function _I2C_Master_Stop *****************
  1297 ;; Defined at:
  1298 ;;		line 31 in file "i2c_eeprom.c"
  1299 ;; Parameters:    Size  Location     Type
  1300 ;;		None
  1301 ;; Auto vars:     Size  Location     Type
  1302 ;;		None
  1303 ;; Return value:  Size  Location     Type
  1304 ;;                  1    wreg      void 
  1305 ;; Registers used:
  1306 ;;		wreg, status,2, status,0, pclath, cstack
  1307 ;; Tracked objects:
  1308 ;;		On entry : 0/0
  1309 ;;		On exit  : 0/0
  1310 ;;		Unchanged: 0/0
  1311 ;; Data sizes:     COMMON   BANK0   BANK1   BANK3   BANK2
  1312 ;;      Params:         0       0       0       0       0
  1313 ;;      Locals:         0       0       0       0       0
  1314 ;;      Temps:          0       0       0       0       0
  1315 ;;      Totals:         0       0       0       0       0
  1316 ;;Total ram usage:        0 bytes
  1317 ;; Hardware stack levels used: 1
  1318 ;; Hardware stack levels required when called: 1
  1319 ;; This function calls:
  1320 ;;		_I2C_Master_Wait
  1321 ;; This function is called by:
  1322 ;;		_EEPROM_Write
  1323 ;;		_EEPROM_Read
  1324 ;; This function uses a non-reentrant model
  1325 ;;
  1326                           
  1327     060B                     _I2C_Master_Stop:	
  1328                           ;psect for function _I2C_Master_Stop
  1329                           
  1330     060B                     l788:	
  1331                           ;incstack = 0
  1332                           ; Regs used in _I2C_Master_Stop: [wreg+status,2+status,0+pclath+cstack]
  1333                           
  1334                           
  1335                           ;i2c_eeprom.c: 33:   I2C_Master_Wait();
  1336     060B  120A  118A  2620  120A  118A  	fcall	_I2C_Master_Wait
  1337     0610                     l790:
  1338                           
  1339                           ;i2c_eeprom.c: 34:   PEN = 1;
  1340     0610  1683               	bsf	3,5	;RP0=1, select bank1
  1341     0611  1303               	bcf	3,6	;RP1=0, select bank1
  1342     0612  1511               	bsf	17,2	;volatile
  1343     0613                     l48:
  1344     0613  0008               	return
  1345     0614                     __end_of_I2C_Master_Stop:
  1346                           
  1347                           	psect	text9
  1348     0602                     __ptext9:	
  1349 ;; *************** function _I2C_Master_Start *****************
  1350 ;; Defined at:
  1351 ;;		line 21 in file "i2c_eeprom.c"
  1352 ;; Parameters:    Size  Location     Type
  1353 ;;		None
  1354 ;; Auto vars:     Size  Location     Type
  1355 ;;		None
  1356 ;; Return value:  Size  Location     Type
  1357 ;;                  1    wreg      void 
  1358 ;; Registers used:
  1359 ;;		wreg, status,2, status,0, pclath, cstack
  1360 ;; Tracked objects:
  1361 ;;		On entry : 0/0
  1362 ;;		On exit  : 0/0
  1363 ;;		Unchanged: 0/0
  1364 ;; Data sizes:     COMMON   BANK0   BANK1   BANK3   BANK2
  1365 ;;      Params:         0       0       0       0       0
  1366 ;;      Locals:         0       0       0       0       0
  1367 ;;      Temps:          0       0       0       0       0
  1368 ;;      Totals:         0       0       0       0       0
  1369 ;;Total ram usage:        0 bytes
  1370 ;; Hardware stack levels used: 1
  1371 ;; Hardware stack levels required when called: 1
  1372 ;; This function calls:
  1373 ;;		_I2C_Master_Wait
  1374 ;; This function is called by:
  1375 ;;		_EEPROM_Write
  1376 ;;		_EEPROM_Read
  1377 ;; This function uses a non-reentrant model
  1378 ;;
  1379                           
  1380     0602                     _I2C_Master_Start:	
  1381                           ;psect for function _I2C_Master_Start
  1382                           
  1383     0602                     l780:	
  1384                           ;incstack = 0
  1385                           ; Regs used in _I2C_Master_Start: [wreg+status,2+status,0+pclath+cstack]
  1386                           
  1387                           
  1388                           ;i2c_eeprom.c: 23:   I2C_Master_Wait();
  1389     0602  120A  118A  2620  120A  118A  	fcall	_I2C_Master_Wait
  1390     0607                     l782:
  1391                           
  1392                           ;i2c_eeprom.c: 24:   SEN = 1;
  1393     0607  1683               	bsf	3,5	;RP0=1, select bank1
  1394     0608  1303               	bcf	3,6	;RP1=0, select bank1
  1395     0609  1411               	bsf	17,0	;volatile
  1396     060A                     l42:
  1397     060A  0008               	return
  1398     060B                     __end_of_I2C_Master_Start:
  1399                           
  1400                           	psect	text10
  1401     05F9                     __ptext10:	
  1402 ;; *************** function _I2C_Master_RepeatedStart *****************
  1403 ;; Defined at:
  1404 ;;		line 26 in file "i2c_eeprom.c"
  1405 ;; Parameters:    Size  Location     Type
  1406 ;;		None
  1407 ;; Auto vars:     Size  Location     Type
  1408 ;;		None
  1409 ;; Return value:  Size  Location     Type
  1410 ;;                  1    wreg      void 
  1411 ;; Registers used:
  1412 ;;		wreg, status,2, status,0, pclath, cstack
  1413 ;; Tracked objects:
  1414 ;;		On entry : 0/0
  1415 ;;		On exit  : 0/0
  1416 ;;		Unchanged: 0/0
  1417 ;; Data sizes:     COMMON   BANK0   BANK1   BANK3   BANK2
  1418 ;;      Params:         0       0       0       0       0
  1419 ;;      Locals:         0       0       0       0       0
  1420 ;;      Temps:          0       0       0       0       0
  1421 ;;      Totals:         0       0       0       0       0
  1422 ;;Total ram usage:        0 bytes
  1423 ;; Hardware stack levels used: 1
  1424 ;; Hardware stack levels required when called: 1
  1425 ;; This function calls:
  1426 ;;		_I2C_Master_Wait
  1427 ;; This function is called by:
  1428 ;;		_EEPROM_Read
  1429 ;; This function uses a non-reentrant model
  1430 ;;
  1431                           
  1432     05F9                     _I2C_Master_RepeatedStart:	
  1433                           ;psect for function _I2C_Master_RepeatedStart
  1434                           
  1435     05F9                     l784:	
  1436                           ;incstack = 0
  1437                           ; Regs used in _I2C_Master_RepeatedStart: [wreg+status,2+status,0+pclath+cstack]
  1438                           
  1439                           
  1440                           ;i2c_eeprom.c: 28:   I2C_Master_Wait();
  1441     05F9  120A  118A  2620  120A  118A  	fcall	_I2C_Master_Wait
  1442     05FE                     l786:
  1443                           
  1444                           ;i2c_eeprom.c: 29:   RSEN = 1;
  1445     05FE  1683               	bsf	3,5	;RP0=1, select bank1
  1446     05FF  1303               	bcf	3,6	;RP1=0, select bank1
  1447     0600  1491               	bsf	17,1	;volatile
  1448     0601                     l45:
  1449     0601  0008               	return
  1450     0602                     __end_of_I2C_Master_RepeatedStart:
  1451                           
  1452                           	psect	text11
  1453     0620                     __ptext11:	
  1454 ;; *************** function _I2C_Master_Wait *****************
  1455 ;; Defined at:
  1456 ;;		line 17 in file "i2c_eeprom.c"
  1457 ;; Parameters:    Size  Location     Type
  1458 ;;		None
  1459 ;; Auto vars:     Size  Location     Type
  1460 ;;		None
  1461 ;; Return value:  Size  Location     Type
  1462 ;;                  1    wreg      void 
  1463 ;; Registers used:
  1464 ;;		wreg, status,2
  1465 ;; Tracked objects:
  1466 ;;		On entry : 0/0
  1467 ;;		On exit  : 0/0
  1468 ;;		Unchanged: 0/0
  1469 ;; Data sizes:     COMMON   BANK0   BANK1   BANK3   BANK2
  1470 ;;      Params:         0       0       0       0       0
  1471 ;;      Locals:         0       0       0       0       0
  1472 ;;      Temps:          0       0       0       0       0
  1473 ;;      Totals:         0       0       0       0       0
  1474 ;;Total ram usage:        0 bytes
  1475 ;; Hardware stack levels used: 1
  1476 ;; This function calls:
  1477 ;;		Nothing
  1478 ;; This function is called by:
  1479 ;;		_I2C_Master_Start
  1480 ;;		_I2C_Master_RepeatedStart
  1481 ;;		_I2C_Master_Stop
  1482 ;;		_I2C_Master_Write
  1483 ;;		_I2C_Read_Byte
  1484 ;;		_I2C_NACK
  1485 ;;		_I2C_ACK
  1486 ;; This function uses a non-reentrant model
  1487 ;;
  1488                           
  1489     0620                     _I2C_Master_Wait:	
  1490                           ;psect for function _I2C_Master_Wait
  1491                           
  1492     0620                     l776:	
  1493                           ;incstack = 0
  1494                           ; Regs used in _I2C_Master_Wait: [wreg+status,2]
  1495                           
  1496     0620                     l36:	
  1497                           ;i2c_eeprom.c: 19:   while ((SSPSTAT & 0x04) || (SSPCON2 & 0x1F));
  1498                           
  1499     0620  1683               	bsf	3,5	;RP0=1, select bank1
  1500     0621  1303               	bcf	3,6	;RP1=0, select bank1
  1501     0622  1914               	btfsc	20,2	;volatile
  1502     0623  2E25               	goto	u151
  1503     0624  2E26               	goto	u150
  1504     0625                     u151:
  1505     0625  2E20               	goto	l36
  1506     0626                     u150:
  1507     0626                     l778:
  1508     0626  0811               	movf	17,w	;volatile
  1509     0627  391F               	andlw	31
  1510     0628  1D03               	btfss	3,2
  1511     0629  2E2B               	goto	u161
  1512     062A  2E2C               	goto	u160
  1513     062B                     u161:
  1514     062B  2E20               	goto	l36
  1515     062C                     u160:
  1516     062C                     l39:
  1517     062C  0008               	return
  1518     062D                     __end_of_I2C_Master_Wait:
  1519     0002                     ___latbits      equ	2
  1520     007E                     btemp           set	126	;btemp
  1521     007E                     wtemp0          set	126
  1522                           
  1523                           	psect	config
  1524                           
  1525                           ;Config register CONFIG @ 0x2007
  1526                           ;	Oscillator Selection bits
  1527                           ;	FOSC = HS, HS oscillator
  1528                           ;	Watchdog Timer Enable bit
  1529                           ;	WDTE = OFF, WDT disabled
  1530                           ;	Power-up Timer Enable bit
  1531                           ;	PWRTE = OFF, PWRT disabled
  1532                           ;	Brown-out Reset Enable bit
  1533                           ;	BOREN = OFF, BOR disabled
  1534                           ;	Low-Voltage (Single-Supply) In-Circuit Serial Programming Enable bit
  1535                           ;	LVP = OFF, RB3 is digital I/O, HV on MCLR must be used for programming
  1536                           ;	Data EEPROM Memory Code Protection bit
  1537                           ;	CPD = OFF, Data EEPROM code protection off
  1538                           ;	Flash Program Memory Write Enable bits
  1539                           ;	WRT = OFF, Write protection off; all program memory may be written to by EECON control
  1540                           ;	In-Circuit Debugger Mode bit
  1541                           ;	DEBUG = 0x1, unprogrammed default
  1542                           ;	Flash Program Memory Code Protection bit
  1543                           ;	CP = OFF, Code protection off
  1544     2007                     	org	8199
  1545     2007  3F3A               	dw	16186

Data Sizes:
    Strings     0
    Constant    0
    Data        0
    BSS         0
    Persistent  0
    Stack       0

Auto Spaces:
    Space          Size  Autos    Used
    COMMON           14     14      14
    BANK0            80     11      11
    BANK1            80      0       0
    BANK3            96      0       0
    BANK2            96      0       0

Pointer List with Targets:

    None.

Critical Paths under _main in COMMON

    _I2C_Master_Init->___lldiv
    _EEPROM_Write->_I2C_Master_Write
    _EEPROM_Read->_I2C_Master_Write

Critical Paths under _main in BANK0

    _main->_I2C_Master_Init

Critical Paths under _main in BANK1

    None.

Critical Paths under _main in BANK3

    None.

Critical Paths under _main in BANK2

    None.

Call Graph Tables:

 ---------------------------------------------------------------------------------
 (Depth) Function   	        Calls       Base Space   Used Autos Params    Refs
 ---------------------------------------------------------------------------------
 (0) _main                                                12    12      0     591
                                              8 BANK0      3     3      0
                        _EEPROM_Read
                       _EEPROM_Write
                    _I2C_Master_Init
 ---------------------------------------------------------------------------------
 (1) _I2C_Master_Init                                      8     4      4     187
                                              0 BANK0      8     4      4
                            ___lldiv
 ---------------------------------------------------------------------------------
 (2) ___lldiv                                             14     6      8     164
                                              0 COMMON    14     6      8
 ---------------------------------------------------------------------------------
 (1) _EEPROM_Write                                         3     0      3     101
                                              1 COMMON     3     0      3
                   _I2C_Master_Start
                    _I2C_Master_Stop
                   _I2C_Master_Write
 ---------------------------------------------------------------------------------
 (1) _EEPROM_Read                                          3     1      2      99
                                              1 COMMON     3     1      2
           _I2C_Master_RepeatedStart
                   _I2C_Master_Start
                    _I2C_Master_Stop
                   _I2C_Master_Write
                           _I2C_NACK
                      _I2C_Read_Byte
 ---------------------------------------------------------------------------------
 (2) _I2C_Read_Byte                                        0     0      0       0
                    _I2C_Master_Wait
 ---------------------------------------------------------------------------------
 (2) _I2C_NACK                                             0     0      0       0
                    _I2C_Master_Wait
 ---------------------------------------------------------------------------------
 (2) _I2C_Master_Write                                     1     1      0      29
                                              0 COMMON     1     1      0
                    _I2C_Master_Wait
 ---------------------------------------------------------------------------------
 (2) _I2C_Master_Stop                                      0     0      0       0
                    _I2C_Master_Wait
 ---------------------------------------------------------------------------------
 (2) _I2C_Master_Start                                     0     0      0       0
                    _I2C_Master_Wait
 ---------------------------------------------------------------------------------
 (2) _I2C_Master_RepeatedStart                             0     0      0       0
                    _I2C_Master_Wait
 ---------------------------------------------------------------------------------
 (3) _I2C_Master_Wait                                      0     0      0       0
 ---------------------------------------------------------------------------------
 Estimated maximum stack depth 3
 ---------------------------------------------------------------------------------

 Call Graph Graphs:

 _main (ROOT)
   _EEPROM_Read
     _I2C_Master_RepeatedStart
       _I2C_Master_Wait
     _I2C_Master_Start
       _I2C_Master_Wait
     _I2C_Master_Stop
       _I2C_Master_Wait
     _I2C_Master_Write
       _I2C_Master_Wait
     _I2C_NACK
       _I2C_Master_Wait
     _I2C_Read_Byte
       _I2C_Master_Wait
   _EEPROM_Write
     _I2C_Master_Start
     _I2C_Master_Stop
     _I2C_Master_Write
   _I2C_Master_Init
     ___lldiv

Address spaces:
Name               Size   Autos  Total    Usage
BITCOMMON           14      0       0      0.0%
BITBANK0            80      0       0      0.0%
BITBANK1            80      0       0      0.0%
BITBANK3            96      0       0      0.0%
BITBANK2            96      0       0      0.0%
COMMON              14     14      14    100.0%
BANK0               80     11      11     13.8%
BANK1               80      0       0      0.0%
BANK3               96      0       0      0.0%
BANK2               96      0       0      0.0%
STACK                0      0       0      0.0%
DATA                 0      0      25      0.0%


Microchip Technology PIC Macro Assembler V3.00 build 20241204225717 
Symbol Table                                                                                   Fri Feb 27 19:19:49 2026

                              l33 06B8                                l42 060A                                l51 0637  
                              l36 0620                                l60 0658                                l45 0601  
                              l53 063B                                l54 0641                                l39 062C  
                              l48 0613                                l72 0680                                l57 064A  
                              l66 061F                                l59 064F                                l78 06F1  
                              l95 07F8                                l96 07F8                               l220 0755  
                             l800 0642                               l810 0614                               l802 0647  
                             l812 0617                               l804 0650                               l820 0705  
                             l900 07B3                               l814 061C                               l806 0655  
                             l830 073D                               l822 0710                               l902 07C2  
                             l832 073E                               l824 0714                               l816 06F2  
                             l840 0681                               l904 07CE                               l834 0747  
                             l826 071D                               l818 0702                               l850 06B7  
                             l842 0685                               l906 07DD                               l780 0602  
                             l860 06BE                               l852 0659                               l828 072F  
                             l836 074D                               l844 0688                               l908 07E9  
                             l782 0607                               l790 0610                               l862 06C9  
                             l854 065E                               l846 06B5                               l776 0620  
                             l784 05F9                               l792 062E                               l864 06F0  
                             l856 0669                               l848 06B6                               l880 0765  
                             l778 0626                               l786 05FE                               l794 0633  
                             l858 06B9                               l890 077A                               l882 0765  
                             l874 0756                               l788 060B                               l796 063C  
                             l892 0785                               l884 0765                               l876 0765  
                             l894 079A                               l886 0765                               l878 0765  
                             l896 07A4                               l888 0765                               l898 07A7  
                             u210 0714                               u211 0713                               u205 0707  
                             u150 0626                               u230 072F                               u151 0625  
                             u231 072E                               u160 062C                               u161 062B  
                             u225 0716                               u170 063B                               u250 074D  
                             u171 063A                               u251 074C                               u235 072B  
                             u307 078B                               u180 064F                               u260 0698  
                             u181 064E                               u245 073F                               u317 07A0  
                             u270 0669                               u190 0702                               u271 0668  
                             u191 0701                               u327 07BB                               u280 06C9  
                             _PEN 048A                               u281 06C8                               u265 0693  
                             u337 07D6                               u347 07F1                               u297 0776  
                             _SEN 0488                              _RCEN 048B                              _RSEN 0489  
                __end_of_I2C_NACK 0620  __end_of_I2C_Master_RepeatedStart 0602                              _main 0756  
                            btemp 007E                              start 0000                   EEPROM_Write@add 0071  
            __end_of_EEPROM_Write 0681                  ?_I2C_Master_Init 0020                  ?_I2C_Master_Wait 0070  
                ?_I2C_Master_Stop 0070                             ?_main 0070                             _ACKEN 048C  
                           _ACKDT 048D                   __end_of___lldiv 0756                             _PORTD 0008  
                           _TRISD 0088                             _SSPIF 0063                             status 0003  
                           wtemp0 007E                  EEPROM_Write@data 0073                   __initialization 07FC  
                    __end_of_main 07FC                            ??_main 0028                 ?_I2C_Master_Start 0070  
               ?_I2C_Master_Write 0070                ??_I2C_Master_Start 0070                ??_I2C_Master_Write 0070  
                          _SSPADD 0093                            _TRISC3 043B                            _TRISC4 043C  
                          _SSPCON 0014                            _SSPBUF 0013          _I2C_Master_RepeatedStart 05F9  
                   _I2C_Read_Byte 0642                         ??___lldiv 0078                         ?_I2C_NACK 0070  
         __end_of__initialization 07FC                    ?_I2C_Read_Byte 0070                    __pcstackCOMMON 0070  
                      ??_I2C_NACK 0070                      _EEPROM_Write 0659                        __pmaintext 0756  
                         _ACKSTAT 048E                           _SSPCON2 0091                           _SSPSTAT 0094  
                 ??_I2C_Read_Byte 0070                           ___lldiv 06F2                           __ptext1 0681  
                         __ptext2 06F2                           __ptext3 0659                           __ptext4 06B9  
                         __ptext5 0642                           __ptext6 0614                           __ptext7 062D  
                         __ptext8 060B                           __ptext9 0602              end_of_initialization 07FC  
      ??_I2C_Master_RepeatedStart 0070                     ??_EEPROM_Read 0073                   ___lldiv@divisor 0070  
                 ___lldiv@counter 007D               __end_of_EEPROM_Read 06F2               start_initialization 07FC  
               ??_I2C_Master_Init 0024                 ??_I2C_Master_Wait 0070                 ??_I2C_Master_Stop 0070  
                       ___latbits 0002                     __pcstackBANK0 0020                       _EEPROM_Read 06B9  
                _I2C_Master_Start 0602                  _I2C_Master_Write 062D                          ?___lldiv 0070  
            I2C_Master_Write@data 0070                          _I2C_NACK 0614             __end_of_I2C_Read_Byte 0659  
             I2C_Master_Init@baud 0020         ?_I2C_Master_RepeatedStart 0070                   _I2C_Master_Init 0681  
                 _I2C_Master_Wait 0620                   _I2C_Master_Stop 060B                          __ptext10 05F9  
                        __ptext11 0620                     ?_EEPROM_Write 0071          __end_of_I2C_Master_Start 060B  
        __end_of_I2C_Master_Write 0642                    ??_EEPROM_Write 0074                      ?_EEPROM_Read 0071  
                ___lldiv@dividend 0074           __end_of_I2C_Master_Init 06B9           __end_of_I2C_Master_Wait 062D  
         __end_of_I2C_Master_Stop 0614                  ___lldiv@quotient 0079                   EEPROM_Read@Data 0073  
                  EEPROM_Read@add 0071  
